[ 2017-11-07T09:18:30+08:00 ] ::1 /demo1/index.php/home/login
ERR: 非法操作:index

[ 2017-11-07T09:19:23+08:00 ] ::1 /demo1/index.php/home/login/do_login
ERR: Unknown database 'shzu'

[ 2017-11-07T09:20:01+08:00 ] ::1 /demo1/index.php/home/login/do_login
ERR: Unknown database 'shzu'

[ 2017-11-07T09:27:57+08:00 ] ::1 /demo1/index.php/home/login/do_login
ERR: Unknown database 'shzu'

[ 2017-11-07T09:29:42+08:00 ] ::1 /demo1/index.php/home/login/do_login
ERR: Unknown database 'shzu'

[ 2017-11-07T09:30:51+08:00 ] ::1 /demo1/index.php/home/login/do_login
ERR: Unknown database 'shzu'

[ 2017-11-07T09:31:59+08:00 ] ::1 /demo1/index.php/home/login/do_login
ERR: Unknown database 'shzu'

[ 2017-11-07T09:33:25+08:00 ] ::1 /demo1/index.php/home/login/do_login
ERR: Unknown database 'shzu'

[ 2017-11-07T09:34:30+08:00 ] ::1 /demo1/index.php/home/login/do_login
ERR: Unknown database 'shzu'

[ 2017-11-07T09:35:05+08:00 ] ::1 /demo1/index.php/home/login
ERR: 非法操作:index

[ 2017-11-07T09:35:06+08:00 ] ::1 /demo1/index.php/home/login
ERR: 非法操作:index

[ 2017-11-07T09:36:35+08:00 ] ::1 /demo1/index.php/home/login
ERR: 非法操作:index

[ 2017-11-07T09:36:36+08:00 ] ::1 /demo1/index.php/home/login
ERR: 非法操作:index

[ 2017-11-07T09:36:36+08:00 ] ::1 /demo1/index.php/home/login
ERR: 非法操作:index

[ 2017-11-07T09:36:36+08:00 ] ::1 /demo1/index.php/home/login
ERR: 非法操作:index

[ 2017-11-07T09:36:51+08:00 ] ::1 /demo1/index.php/home/login/do_login
ERR: Unknown database 'shzu'

[ 2017-11-07T09:38:04+08:00 ] ::1 /demo1/index.php/home/login/do_login
ERR: Unknown database 'shzu'

[ 2017-11-07T09:40:54+08:00 ] ::1 /demo1/index.php/home/login/do_login
ERR: Unknown database 'shzu'

[ 2017-11-07T09:41:33+08:00 ] ::1 /demo1/index.php/home/login/do_login
ERR: Unknown database 'shzu'

[ 2017-11-07T09:41:47+08:00 ] ::1 /demo1/index.php/home/login/do_login
ERR: Unknown database 'shzu'

[ 2017-11-07T09:49:13+08:00 ] ::1 /demo1/index.php/home/Myimformation
ERR: 无法加载控制器:Myimformation

[ 2017-11-07T09:49:36+08:00 ] ::1 /demo1/index.php/home/Update
ERR: 无法加载控制器:Update

[ 2017-11-07T09:51:42+08:00 ] ::1 /demo1/index.php/home/Message
ERR: 无法加载控制器:Message

[ 2017-11-07T09:59:12+08:00 ] ::1 /demo1/index.php/home/Login
ERR: 非法操作:index

[ 2017-11-07T09:59:34+08:00 ] ::1 /demo1/index.php/Home/Login
ERR: 非法操作:index

[ 2017-11-07T10:20:17+08:00 ] ::1 /demo1/index.php/Home/Eximport/eximport
ERR: 无法加载控制器:Eximport

[ 2017-11-07T10:33:37+08:00 ] ::1 /demo1/index.php/home/eximport/export
ERR: 1146:Table 'reg.shzu_dc' doesn't exist
 [ SQL语句 ] : SHOW COLUMNS FROM `shzu_dc`
ERR: 1146:Table 'reg.shzu_dc' doesn't exist
 [ SQL语句 ] : SELECT * FROM `shzu_dc` 

[ 2017-11-07T10:51:30+08:00 ] ::1 /demo1/index.php/home/eximport/export
ERR: 1146:Table 'reg.shzu_dc' doesn't exist
 [ SQL语句 ] : SHOW COLUMNS FROM `shzu_dc`
ERR: 1146:Table 'reg.shzu_dc' doesn't exist
 [ SQL语句 ] : SELECT * FROM `shzu_dc` 

[ 2017-11-07T10:54:30+08:00 ] ::1 /demo1/index.php/home/eximport/export
ERR: 1146:Table 'reg.shzu_reg' doesn't exist
 [ SQL语句 ] : SHOW COLUMNS FROM `shzu_reg`
ERR: 1146:Table 'reg.shzu_reg' doesn't exist
 [ SQL语句 ] : SELECT * FROM `shzu_reg` 

[ 2017-11-07T10:59:40+08:00 ] ::1 /demo1/index.php/home/eximport/export
ERR: 1146:Table 'reg.shzu_reg' doesn't exist
 [ SQL语句 ] : SHOW COLUMNS FROM `shzu_reg`
ERR: 1146:Table 'reg.shzu_reg' doesn't exist
 [ SQL语句 ] : SELECT * FROM `shzu_reg` 

[ 2017-11-07T12:49:32+08:00 ] ::1 /demo1/index.php/home/eximport/export
ERR: 1146:Table 'reg.shzu_reg' doesn't exist
 [ SQL语句 ] : SHOW COLUMNS FROM `shzu_reg`
ERR: 1146:Table 'reg.shzu_reg' doesn't exist
 [ SQL语句 ] : SELECT * FROM `shzu_reg` 

[ 2017-11-07T14:01:13+08:00 ] ::1 /demo1/index.php/home/eximport/export
ERR: 1146:Table 'reg.shzu_reg' doesn't exist
 [ SQL语句 ] : SHOW COLUMNS FROM `shzu_reg`
ERR: 1146:Table 'reg.shzu_reg' doesn't exist
 [ SQL语句 ] : SELECT * FROM `shzu_reg` 

[ 2017-11-07T14:01:55+08:00 ] ::1 /demo1/index.php/home/eximport/export
ERR: 1146:Table 'reg.shzu_reg' doesn't exist
 [ SQL语句 ] : SHOW COLUMNS FROM `shzu_reg`
ERR: 1146:Table 'reg.shzu_reg' doesn't exist
 [ SQL语句 ] : SELECT * FROM `shzu_reg` 

[ 2017-11-07T14:02:47+08:00 ] ::1 /demo1/index.php/home/eximport/export
ERR: 1146:Table 'reg.reg' doesn't exist
 [ SQL语句 ] : SHOW COLUMNS FROM `reg`
ERR: 1146:Table 'reg.reg' doesn't exist
 [ SQL语句 ] : SELECT * FROM `reg` 

