[ 2017-11-06T09:50:02+08:00 ] ::1 /demo1/index.php/home/public/verify.html
ERR: 无法加载控制器:Public

[ 2017-11-06T09:50:11+08:00 ] ::1 /demo1/index.php/home/public/verify.html?0.7840127297010292
ERR: 无法加载控制器:Public

[ 2017-11-06T09:50:46+08:00 ] ::1 /demo1/index.php/home/yanzhengma/verify.html
ERR: 无法加载控制器:Yanzhengma

[ 2017-11-06T09:51:54+08:00 ] ::1 /demo1/index.php/home/yanzhengma/verify.html
ERR: 无法加载控制器:Yanzhengma

[ 2017-11-06T09:52:57+08:00 ] ::1 /demo1/index.php/home/yanzhengma/verify.html
ERR: 无法加载控制器:Yanzhengma

[ 2017-11-06T13:08:58+08:00 ] ::1 /demo1/index.php/Home/Register/register
ERR: 无法加载控制器:Register

[ 2017-11-06T13:09:24+08:00 ] ::1 /demo1/index.php/Home/Register/register
ERR: 无法加载控制器:Register

[ 2017-11-06T13:10:04+08:00 ] ::1 /demo1/index.php/Home/Register/register
ERR: 无法加载控制器:Register

[ 2017-11-06T13:10:08+08:00 ] ::1 /demo1/index.php/Home/Register/register
ERR: 无法加载控制器:Register

[ 2017-11-06T13:13:17+08:00 ] ::1 /demo1/index.php/Home/Register/register
ERR: 无法加载控制器:Register

[ 2017-11-06T13:13:23+08:00 ] ::1 /demo1/index.php/Home/Register/register
ERR: 无法加载控制器:Register

[ 2017-11-06T13:15:12+08:00 ] ::1 /demo1/index.php/Home/Register
ERR: 非法操作:index

[ 2017-11-06T13:18:22+08:00 ] ::1 /demo1/index.php/home/register/add
ERR: Unknown database 'shzu'

[ 2017-11-06T13:20:28+08:00 ] ::1 /demo1/index.php/home/register/add
ERR: Unknown database 'shzu'

[ 2017-11-06T13:39:44+08:00 ] ::1 /demo1/index.php/home/register/add
ERR: Unknown database 'shzu'

[ 2017-11-06T13:40:34+08:00 ] ::1 /demo1/index.php/home/register/add
ERR: Unknown database 'shzu'

